<?xml version="1.0" encoding="UTF-8"?>
<!-- Generated by org.testng.reporters.JUnitReportReporter -->
<testsuite hostname="DESKTOP-QVOVI1A" failures="0" tests="1" name="TC_Repo.LE_03" time="16.911" errors="0" timestamp="2024-08-31T12:12:35 IST" skipped="0">
  <testcase classname="TC_Repo.LE_03" name="le_03Case" time="16.911"/>
  <system-out/>
</testsuite> <!-- TC_Repo.LE_03 -->
