<?xml version="1.0" encoding="UTF-8"?>
<!-- Generated by org.testng.reporters.JUnitReportReporter -->
<testsuite hostname="DESKTOP-QVOVI1A" failures="0" tests="1" name="TC_Repo.LE_04" time="15.037" errors="0" timestamp="2024-08-31T13:00:58 IST" skipped="0">
  <testcase classname="TC_Repo.LE_04" name="le_04Case" time="15.037"/>
  <system-out/>
</testsuite> <!-- TC_Repo.LE_04 -->
