<?xml version="1.0" encoding="UTF-8"?>
<!-- Generated by org.testng.reporters.JUnitReportReporter -->
<testsuite hostname="DESKTOP-QVOVI1A" failures="0" tests="1" name="TC_Repo.LE_02" time="17.859" errors="0" timestamp="2024-08-31T12:11:53 IST" skipped="0">
  <testcase classname="TC_Repo.LE_02" name="le_02Case" time="17.859"/>
  <system-out/>
</testsuite> <!-- TC_Repo.LE_02 -->
