<?xml version="1.0" encoding="UTF-8"?>
<!-- Generated by org.testng.reporters.JUnitReportReporter -->
<testsuite hostname="DESKTOP-QVOVI1A" failures="0" tests="1" name="TC_Repo.LE_01" time="17.207" errors="0" timestamp="2024-08-31T11:47:40 IST" skipped="0">
  <testcase classname="TC_Repo.LE_01" name="le_01Case" time="17.207"/>
  <system-out/>
</testsuite> <!-- TC_Repo.LE_01 -->
